alekseykashin@MBP-Aleksej playbook %  ansible-playbook site.yml -i ./inventory/prod.yml --check

PLAY [Docker pull images] ********************************************************************************************************************************************************************************************

TASK [Docker pull ubuntu OS] *****************************************************************************************************************************************************************************************
ok: [localhost]

PLAY [Docker container ubuntu up] ************************************************************************************************************************************************************************************

TASK [Create docker container for clickhouse-01] *********************************************************************************************************************************************************************
ok: [localhost]

PLAY [Isntall python on Debian hosts] ********************************************************************************************************************************************************************************

TASK [Update pack manager and install python] ************************************************************************************************************************************************************************
skipping: [clickhouse-01] => (item=apt-get update) 
skipping: [clickhouse-01] => (item=apt-get -y install python3) 
skipping: [clickhouse-01]

PLAY [Isntall [pkg | clickhouse | vector] on Debian hosts] ***********************************************************************************************************************************************************

TASK [Gathering Facts] ***********************************************************************************************************************************************************************************************
[WARNING]: Platform linux on host clickhouse-01 is using the discovered Python interpreter at /usr/bin/python3.12, but future installation of another Python interpreter could change the meaning of that path. See
https://docs.ansible.com/ansible-core/2.17/reference_appendices/interpreter_discovery.html for more information.
ok: [clickhouse-01]

TASK [debian : Install and upgrade apt packages] *********************************************************************************************************************************************************************
ok: [clickhouse-01] => (item=sudo)
ok: [clickhouse-01] => (item=systemctl)
ok: [clickhouse-01] => (item=gnupg)
ok: [clickhouse-01] => (item=apt-utils)
ok: [clickhouse-01] => (item=apt-transport-https)

TASK [clickhouse : Add Clickhouse repository] ************************************************************************************************************************************************************************
ok: [clickhouse-01]

TASK [clickhouse : Add Clickhouse gpg key] ***************************************************************************************************************************************************************************
ok: [clickhouse-01]

TASK [clickhouse : Update cache] *************************************************************************************************************************************************************************************
changed: [clickhouse-01]

TASK [clickhouse : Install Clickhouse from repository] ***************************************************************************************************************************************************************
ok: [clickhouse-01] => (item=clickhouse-common-static)
ok: [clickhouse-01] => (item=clickhouse-client)
ok: [clickhouse-01] => (item=clickhouse-server)

TASK [clickhouse : Flush Handlers] ***********************************************************************************************************************************************************************************

TASK [vector : Add Vector repository] ********************************************************************************************************************************************************************************
ok: [clickhouse-01]

TASK [vector : Add Vector gpg key] ***********************************************************************************************************************************************************************************
ok: [clickhouse-01]

TASK [vector : Update cache] *****************************************************************************************************************************************************************************************
changed: [clickhouse-01]

TASK [vector : Install Vector] ***************************************************************************************************************************************************************************************
ok: [clickhouse-01] => (item=vector)

TASK [vector : Config Vector] ****************************************************************************************************************************************************************************************
ok: [clickhouse-01]

TASK [vector : Config Vector as service] *****************************************************************************************************************************************************************************
ok: [clickhouse-01]

TASK [vector : Flush handlers] ***************************************************************************************************************************************************************************************

PLAY [Create Clickhouse DB] ******************************************************************************************************************************************************************************************

TASK [Gathering Facts] ***********************************************************************************************************************************************************************************************
ok: [clickhouse-01]

TASK [Create database] ***********************************************************************************************************************************************************************************************
skipping: [clickhouse-01]

PLAY RECAP ***********************************************************************************************************************************************************************************************************
clickhouse-01              : ok=13   changed=2    unreachable=0    failed=0    skipped=2    rescued=0    ignored=0   
localhost                  : ok=2    changed=0    unreachable=0    failed=0    skipped=0    rescued=0    ignored=0   

alekseykashin@MBP-Aleksej playbook % 